<?xml version='1.0'?> 
<!DOCTYPE coverage SYSTEM "http://cobertura.sourceforge.net/xml/coverage-04.dtd">
<!-- Generated by simplecov-cobertura version 1.4.3-dev (https://github.com/dashingrocket/simplecov-cobertura) -->
<coverage line-rate="1.0" branch-rate="0" lines-covered="2" lines-valid="2" branches-covered="0" branches-valid="0" complexity="0" version="0" timestamp="1636204971">
  <sources>
    <source>/Users/st0012/projects/simplecov-cobertura/test</source>
  </sources>
  <packages>
    <package name="test" line-rate="1.0" branch-rate="0" complexity="0">
      <classes>
        <class name="simplecov-cobertura_test" filename="simplecov-cobertura_test.rb" line-rate="1.0" branch-rate="0" complexity="0">
          <methods/>
          <lines>
            <line number="1" branch="false" hits="1"/>
            <line number="2" branch="false" hits="2"/>
          </lines>
        </class>
      </classes>
    </package>
  </packages>
</coverage>